<?xml version="1.0" encoding="UTF-8"?>
<!-- Generated by org.testng.reporters.JUnitXMLReporter -->
<testsuite hostname="MSGN15168" ignored="0" name="Filters check" tests="2" failures="1" timestamp="03 Jun 2021 17:43:58 GMT" time="11.625" errors="0">
  <testcase name="goToEmployeePage" time="0.812" classname="pl.gov.nauka.radon.test.FiltersPageTest"/>
  <testcase name="searchAndCheckResults" time="3.863" classname="pl.gov.nauka.radon.test.FiltersPageTest">
    <failure type="java.lang.AssertionError" message="expected [Żywek] but found [Abramski]">
      <![CDATA[java.lang.AssertionError: expected [Żywek] but found [Abramski]
	at pl.gov.nauka.radon.test.FiltersPageTest.searchAndCheckResults(FiltersPageTest.java:31)
... Removed 40 stack frames]]>
    </failure>
  </testcase> <!-- searchAndCheckResults -->
</testsuite> <!-- Filters check -->
