<?xml version="1.0" encoding="UTF-8"?>
<!-- Generated by org.testng.reporters.JUnitXMLReporter -->
<testsuite hostname="MSGN15168" ignored="0" name="Home Page" tests="4" failures="1" timestamp="04 Jun 2021 09:22:29 GMT" time="8.261" errors="0">
  <testcase name="verifyHeader" time="0.052" classname="pl.gov.nauka.radon.test.HomePageTest"/>
  <testcase name="verifySearchPlaceholder" time="0.064" classname="pl.gov.nauka.radon.test.HomePageTest">
    <failure type="java.lang.AssertionError" message="expected [Wyszukaj w systemie] but found [Wyszukj w systemie]">
      <![CDATA[java.lang.AssertionError: expected [Wyszukaj w systemie] but found [Wyszukj w systemie]
	at pl.gov.nauka.radon.test.HomePageTest.verifySearchPlaceholder(HomePageTest.java:28)
... Removed 40 stack frames]]>
    </failure>
  </testcase> <!-- verifySearchPlaceholder -->
  <testcase name="verifyContrastButtonDisabled" time="0.021" classname="pl.gov.nauka.radon.test.HomePageTest"/>
  <testcase name="verifyContrastButtonEnabled" time="0.087" classname="pl.gov.nauka.radon.test.HomePageTest"/>
</testsuite> <!-- Home Page -->
