<?xml version="1.0" encoding="UTF-8"?>
<testng-results skipped="0" failed="2" ignored="0" total="6" passed="4">
  <reporter-output>
  </reporter-output>
  <suite name="RADON tests" duration-ms="81292" started-at="2021-06-03T17:42:37Z" finished-at="2021-06-03T17:43:58Z">
    <groups>
    </groups>
    <test name="Sign in" duration-ms="18101" started-at="2021-06-03T17:42:37Z" finished-at="2021-06-03T17:42:55Z">
      <class name="pl.gov.nauka.radon.test.SignInPageTest">
        <test-method status="PASS" signature="setup()[pri:0, instance:pl.gov.nauka.radon.test.SignInPageTest@d3bd8b]" name="setup" is-config="true" duration-ms="5914" started-at="2021-06-03T19:42:37Z" finished-at="2021-06-03T19:42:43Z">
          <reporter-output>
          </reporter-output>
        </test-method> <!-- setup -->
        <test-method status="PASS" signature="check_sign_in_page()[pri:0, instance:pl.gov.nauka.radon.test.SignInPageTest@d3bd8b]" name="check_sign_in_page" duration-ms="12176" started-at="2021-06-03T19:42:43Z" finished-at="2021-06-03T19:42:55Z">
          <reporter-output>
          </reporter-output>
        </test-method> <!-- check_sign_in_page -->
      </class> <!-- pl.gov.nauka.radon.test.SignInPageTest -->
    </test> <!-- Sign in -->
    <test name="Register Page" duration-ms="21381" started-at="2021-06-03T17:42:55Z" finished-at="2021-06-03T17:43:16Z">
      <class name="pl.gov.nauka.radon.test.RegisterPageTest">
        <test-method status="PASS" signature="setup()[pri:0, instance:pl.gov.nauka.radon.test.RegisterPageTest@1554825]" name="setup" is-config="true" duration-ms="8287" started-at="2021-06-03T19:42:55Z" finished-at="2021-06-03T19:43:03Z">
          <reporter-output>
          </reporter-output>
        </test-method> <!-- setup -->
        <test-method status="FAIL" signature="check_register_page()[pri:1, instance:pl.gov.nauka.radon.test.RegisterPageTest@1554825]" name="check_register_page" duration-ms="13090" started-at="2021-06-03T19:43:03Z" finished-at="2021-06-03T19:43:16Z">
          <exception class="org.openqa.selenium.NoSuchElementException">
            <message>
              <![CDATA[no such element: Unable to locate element: {"method":"xpath","selector":"//iframe[@title='Zadanie reCAPTCHA']"}
  (Session info: chrome=90.0.4430.212)
For documentation on this error, please visit: http://seleniumhq.org/exceptions/no_such_element.html
Build info: version: '3.11.0', revision: 'e59cfb3', time: '2018-03-11T20:26:55.152Z'
System info: host: 'MSGN15168', ip: '10.103.48.230', os.name: 'Windows 8.1', os.arch: 'x86', os.version: '6.3', java.version: '1.8.0_41'
Driver info: org.openqa.selenium.chrome.ChromeDriver
Capabilities {acceptInsecureCerts: false, browserName: chrome, browserVersion: 90.0.4430.212, chrome: {chromedriverVersion: 89.0.4389.23 (61b08ee2c5002..., userDataDir: C:\Users\pabiam\AppData\Loc...}, goog:chromeOptions: {debuggerAddress: localhost:61518}, javascriptEnabled: true, networkConnectionEnabled: false, pageLoadStrategy: normal, platform: WINDOWS, platformName: WINDOWS, proxy: Proxy(), setWindowRect: true, strictFileInteractability: false, timeouts: {implicit: 0, pageLoad: 300000, script: 30000}, unhandledPromptBehavior: dismiss and notify, webauthn:extension:largeBlob: true, webauthn:virtualAuthenticators: true}
Session ID: dc9a3ae8e53c14cd2a6dd89960171a4d
*** Element info: {Using=xpath, value=//iframe[@title='Zadanie reCAPTCHA']}]]>
            </message>
            <full-stacktrace>
              <![CDATA[org.openqa.selenium.NoSuchElementException: no such element: Unable to locate element: {"method":"xpath","selector":"//iframe[@title='Zadanie reCAPTCHA']"}
  (Session info: chrome=90.0.4430.212)
For documentation on this error, please visit: http://seleniumhq.org/exceptions/no_such_element.html
Build info: version: '3.11.0', revision: 'e59cfb3', time: '2018-03-11T20:26:55.152Z'
System info: host: 'MSGN15168', ip: '10.103.48.230', os.name: 'Windows 8.1', os.arch: 'x86', os.version: '6.3', java.version: '1.8.0_41'
Driver info: org.openqa.selenium.chrome.ChromeDriver
Capabilities {acceptInsecureCerts: false, browserName: chrome, browserVersion: 90.0.4430.212, chrome: {chromedriverVersion: 89.0.4389.23 (61b08ee2c5002..., userDataDir: C:\Users\pabiam\AppData\Loc...}, goog:chromeOptions: {debuggerAddress: localhost:61518}, javascriptEnabled: true, networkConnectionEnabled: false, pageLoadStrategy: normal, platform: WINDOWS, platformName: WINDOWS, proxy: Proxy(), setWindowRect: true, strictFileInteractability: false, timeouts: {implicit: 0, pageLoad: 300000, script: 30000}, unhandledPromptBehavior: dismiss and notify, webauthn:extension:largeBlob: true, webauthn:virtualAuthenticators: true}
Session ID: dc9a3ae8e53c14cd2a6dd89960171a4d
*** Element info: {Using=xpath, value=//iframe[@title='Zadanie reCAPTCHA']}
	at sun.reflect.NativeConstructorAccessorImpl.newInstance0(Native Method)
	at sun.reflect.NativeConstructorAccessorImpl.newInstance(NativeConstructorAccessorImpl.java:62)
	at sun.reflect.DelegatingConstructorAccessorImpl.newInstance(DelegatingConstructorAccessorImpl.java:45)
	at java.lang.reflect.Constructor.newInstance(Constructor.java:422)
	at org.openqa.selenium.remote.http.W3CHttpResponseCodec.createException(W3CHttpResponseCodec.java:187)
	at org.openqa.selenium.remote.http.W3CHttpResponseCodec.decode(W3CHttpResponseCodec.java:122)
	at org.openqa.selenium.remote.http.W3CHttpResponseCodec.decode(W3CHttpResponseCodec.java:49)
	at org.openqa.selenium.remote.HttpCommandExecutor.execute(HttpCommandExecutor.java:158)
	at org.openqa.selenium.remote.service.DriverCommandExecutor.execute(DriverCommandExecutor.java:83)
	at org.openqa.selenium.remote.RemoteWebDriver.execute(RemoteWebDriver.java:545)
	at org.openqa.selenium.remote.RemoteWebDriver.findElement(RemoteWebDriver.java:319)
	at org.openqa.selenium.remote.RemoteWebDriver.findElementByXPath(RemoteWebDriver.java:421)
	at org.openqa.selenium.By$ByXPath.findElement(By.java:361)
	at org.openqa.selenium.remote.RemoteWebDriver.findElement(RemoteWebDriver.java:311)
	at org.openqa.selenium.support.pagefactory.DefaultElementLocator.findElement(DefaultElementLocator.java:69)
	at org.openqa.selenium.support.pagefactory.internal.LocatingElementHandler.invoke(LocatingElementHandler.java:38)
	at com.sun.proxy.$Proxy7.sendKeys(Unknown Source)
	at pl.gov.nauka.radon.pages.RegisterPage.clickRecaptcha(RegisterPage.java:114)
	at pl.gov.nauka.radon.test.RegisterPageTest.check_register_page(RegisterPageTest.java:29)
	at sun.reflect.NativeMethodAccessorImpl.invoke0(Native Method)
	at sun.reflect.NativeMethodAccessorImpl.invoke(NativeMethodAccessorImpl.java:62)
	at sun.reflect.DelegatingMethodAccessorImpl.invoke(DelegatingMethodAccessorImpl.java:43)
	at java.lang.reflect.Method.invoke(Method.java:497)
	at org.testng.internal.MethodInvocationHelper.invokeMethod(MethodInvocationHelper.java:104)
	at org.testng.internal.Invoker.invokeMethod(Invoker.java:645)
	at org.testng.internal.Invoker.invokeTestMethod(Invoker.java:851)
	at org.testng.internal.Invoker.invokeTestMethods(Invoker.java:1177)
	at org.testng.internal.TestMethodWorker.invokeTestMethods(TestMethodWorker.java:129)
	at org.testng.internal.TestMethodWorker.run(TestMethodWorker.java:112)
	at org.testng.TestRunner.privateRun(TestRunner.java:756)
	at org.testng.TestRunner.run(TestRunner.java:610)
	at org.testng.SuiteRunner.runTest(SuiteRunner.java:387)
	at org.testng.SuiteRunner.runSequentially(SuiteRunner.java:382)
	at org.testng.SuiteRunner.privateRun(SuiteRunner.java:340)
	at org.testng.SuiteRunner.run(SuiteRunner.java:289)
	at org.testng.SuiteRunnerWorker.runSuite(SuiteRunnerWorker.java:52)
	at org.testng.SuiteRunnerWorker.run(SuiteRunnerWorker.java:86)
	at org.testng.TestNG.runSuitesSequentially(TestNG.java:1293)
	at org.testng.TestNG.runSuitesLocally(TestNG.java:1218)
	at org.testng.TestNG.runSuites(TestNG.java:1133)
	at org.testng.TestNG.run(TestNG.java:1104)
	at org.apache.maven.surefire.testng.TestNGExecutor.run(TestNGExecutor.java:178)
	at org.apache.maven.surefire.testng.TestNGXmlTestSuite.execute(TestNGXmlTestSuite.java:92)
	at org.apache.maven.surefire.testng.TestNGProvider.invoke(TestNGProvider.java:96)
	at sun.reflect.NativeMethodAccessorImpl.invoke0(Native Method)
	at sun.reflect.NativeMethodAccessorImpl.invoke(NativeMethodAccessorImpl.java:62)
	at sun.reflect.DelegatingMethodAccessorImpl.invoke(DelegatingMethodAccessorImpl.java:43)
	at java.lang.reflect.Method.invoke(Method.java:497)
	at org.apache.maven.surefire.util.ReflectionUtils.invokeMethodWithArray(ReflectionUtils.java:189)
	at org.apache.maven.surefire.booter.ProviderFactory$ProviderProxy.invoke(ProviderFactory.java:165)
	at org.apache.maven.surefire.booter.ProviderFactory.invokeProvider(ProviderFactory.java:85)
	at org.apache.maven.surefire.booter.ForkedBooter.runSuitesInProcess(ForkedBooter.java:115)
	at org.apache.maven.surefire.booter.ForkedBooter.main(ForkedBooter.java:75)
]]>
            </full-stacktrace>
          </exception> <!-- org.openqa.selenium.NoSuchElementException -->
          <reporter-output>
          </reporter-output>
        </test-method> <!-- check_register_page -->
      </class> <!-- pl.gov.nauka.radon.test.RegisterPageTest -->
    </test> <!-- Register Page -->
    <test name="Search Page" duration-ms="9025" started-at="2021-06-03T17:43:16Z" finished-at="2021-06-03T17:43:25Z">
      <class name="pl.gov.nauka.radon.test.SearchPageTest">
        <test-method status="PASS" signature="setup()[pri:0, instance:pl.gov.nauka.radon.test.SearchPageTest@1143ee9]" name="setup" is-config="true" duration-ms="6632" started-at="2021-06-03T19:43:16Z" finished-at="2021-06-03T19:43:23Z">
          <reporter-output>
          </reporter-output>
        </test-method> <!-- setup -->
        <test-method status="PASS" signature="check_search_results(java.lang.String)[pri:1, instance:pl.gov.nauka.radon.test.SearchPageTest@1143ee9]" name="check_search_results" duration-ms="2389" started-at="2021-06-03T19:43:23Z" finished-at="2021-06-03T19:43:25Z">
          <params>
            <param index="0">
              <value>
                <![CDATA[Collegium Da Vinci]]>
              </value>
            </param>
          </params>
          <reporter-output>
          </reporter-output>
        </test-method> <!-- check_search_results -->
      </class> <!-- pl.gov.nauka.radon.test.SearchPageTest -->
    </test> <!-- Search Page -->
    <test name="Hyperlinks check" duration-ms="21118" started-at="2021-06-03T17:43:25Z" finished-at="2021-06-03T17:43:47Z">
      <class name="pl.gov.nauka.radon.test.HyperlinksPageTest">
        <test-method status="PASS" signature="setup()[pri:0, instance:pl.gov.nauka.radon.test.HyperlinksPageTest@137cf78]" name="setup" is-config="true" duration-ms="7755" started-at="2021-06-03T19:43:25Z" finished-at="2021-06-03T19:43:33Z">
          <reporter-output>
          </reporter-output>
        </test-method> <!-- setup -->
        <test-method status="PASS" signature="checkHyperlinks()[pri:1, instance:pl.gov.nauka.radon.test.HyperlinksPageTest@137cf78]" name="checkHyperlinks" duration-ms="13363" started-at="2021-06-03T19:43:33Z" finished-at="2021-06-03T19:43:47Z">
          <reporter-output>
          </reporter-output>
        </test-method> <!-- checkHyperlinks -->
      </class> <!-- pl.gov.nauka.radon.test.HyperlinksPageTest -->
    </test> <!-- Hyperlinks check -->
    <test name="Filters check" duration-ms="11625" started-at="2021-06-03T17:43:47Z" finished-at="2021-06-03T17:43:58Z">
      <class name="pl.gov.nauka.radon.test.FiltersPageTest">
        <test-method status="PASS" signature="setup()[pri:0, instance:pl.gov.nauka.radon.test.FiltersPageTest@25790e]" name="setup" is-config="true" duration-ms="6946" started-at="2021-06-03T19:43:47Z" finished-at="2021-06-03T19:43:54Z">
          <reporter-output>
          </reporter-output>
        </test-method> <!-- setup -->
        <test-method status="PASS" signature="goToEmployeePage()[pri:1, instance:pl.gov.nauka.radon.test.FiltersPageTest@25790e]" name="goToEmployeePage" duration-ms="812" started-at="2021-06-03T19:43:54Z" finished-at="2021-06-03T19:43:54Z">
          <reporter-output>
          </reporter-output>
        </test-method> <!-- goToEmployeePage -->
        <test-method status="FAIL" signature="searchAndCheckResults(java.lang.String)[pri:2, instance:pl.gov.nauka.radon.test.FiltersPageTest@25790e]" name="searchAndCheckResults" duration-ms="3863" started-at="2021-06-03T19:43:54Z" finished-at="2021-06-03T19:43:58Z">
          <params>
            <param index="0">
              <value>
                <![CDATA[Marcin]]>
              </value>
            </param>
          </params>
          <exception class="java.lang.AssertionError">
            <message>
              <![CDATA[expected [Żywek] but found [Abramski]]]>
            </message>
            <full-stacktrace>
              <![CDATA[java.lang.AssertionError: expected [Żywek] but found [Abramski]
	at org.testng.Assert.fail(Assert.java:94)
	at org.testng.Assert.failNotEquals(Assert.java:513)
	at org.testng.Assert.assertEqualsImpl(Assert.java:135)
	at org.testng.Assert.assertEquals(Assert.java:116)
	at org.testng.Assert.assertEquals(Assert.java:190)
	at org.testng.Assert.assertEquals(Assert.java:200)
	at pl.gov.nauka.radon.test.FiltersPageTest.searchAndCheckResults(FiltersPageTest.java:31)
	at sun.reflect.NativeMethodAccessorImpl.invoke0(Native Method)
	at sun.reflect.NativeMethodAccessorImpl.invoke(NativeMethodAccessorImpl.java:62)
	at sun.reflect.DelegatingMethodAccessorImpl.invoke(DelegatingMethodAccessorImpl.java:43)
	at java.lang.reflect.Method.invoke(Method.java:497)
	at org.testng.internal.MethodInvocationHelper.invokeMethod(MethodInvocationHelper.java:104)
	at org.testng.internal.Invoker.invokeMethod(Invoker.java:645)
	at org.testng.internal.Invoker.invokeTestMethod(Invoker.java:851)
	at org.testng.internal.Invoker.invokeTestMethods(Invoker.java:1177)
	at org.testng.internal.TestMethodWorker.invokeTestMethods(TestMethodWorker.java:129)
	at org.testng.internal.TestMethodWorker.run(TestMethodWorker.java:112)
	at org.testng.TestRunner.privateRun(TestRunner.java:756)
	at org.testng.TestRunner.run(TestRunner.java:610)
	at org.testng.SuiteRunner.runTest(SuiteRunner.java:387)
	at org.testng.SuiteRunner.runSequentially(SuiteRunner.java:382)
	at org.testng.SuiteRunner.privateRun(SuiteRunner.java:340)
	at org.testng.SuiteRunner.run(SuiteRunner.java:289)
	at org.testng.SuiteRunnerWorker.runSuite(SuiteRunnerWorker.java:52)
	at org.testng.SuiteRunnerWorker.run(SuiteRunnerWorker.java:86)
	at org.testng.TestNG.runSuitesSequentially(TestNG.java:1293)
	at org.testng.TestNG.runSuitesLocally(TestNG.java:1218)
	at org.testng.TestNG.runSuites(TestNG.java:1133)
	at org.testng.TestNG.run(TestNG.java:1104)
	at org.apache.maven.surefire.testng.TestNGExecutor.run(TestNGExecutor.java:178)
	at org.apache.maven.surefire.testng.TestNGXmlTestSuite.execute(TestNGXmlTestSuite.java:92)
	at org.apache.maven.surefire.testng.TestNGProvider.invoke(TestNGProvider.java:96)
	at sun.reflect.NativeMethodAccessorImpl.invoke0(Native Method)
	at sun.reflect.NativeMethodAccessorImpl.invoke(NativeMethodAccessorImpl.java:62)
	at sun.reflect.DelegatingMethodAccessorImpl.invoke(DelegatingMethodAccessorImpl.java:43)
	at java.lang.reflect.Method.invoke(Method.java:497)
	at org.apache.maven.surefire.util.ReflectionUtils.invokeMethodWithArray(ReflectionUtils.java:189)
	at org.apache.maven.surefire.booter.ProviderFactory$ProviderProxy.invoke(ProviderFactory.java:165)
	at org.apache.maven.surefire.booter.ProviderFactory.invokeProvider(ProviderFactory.java:85)
	at org.apache.maven.surefire.booter.ForkedBooter.runSuitesInProcess(ForkedBooter.java:115)
	at org.apache.maven.surefire.booter.ForkedBooter.main(ForkedBooter.java:75)
]]>
            </full-stacktrace>
          </exception> <!-- java.lang.AssertionError -->
          <reporter-output>
          </reporter-output>
        </test-method> <!-- searchAndCheckResults -->
      </class> <!-- pl.gov.nauka.radon.test.FiltersPageTest -->
    </test> <!-- Filters check -->
  </suite> <!-- RADON tests -->
</testng-results>
